# JRE version: OpenJDK Runtime Environment (8.0_242-b01) (build 1.8.0_242-release-1644-b01)
# Java VM: OpenJDK 64-Bit Server VM (25.242-b01 mixed mode windows-amd64 compressed oops)
Heap:
 PSYoungGen      total 466432K, used 118252K [0x00000000e0000000, 0x00000000fff00000, 0x0000000100000000)
  eden space 414208K, 26% used [0x00000000e0000000,0x00000000e6b22e28,0x00000000f9480000)
  from space 52224K, 16% used [0x00000000fc800000,0x00000000fd0582c0,0x00000000ffb00000)
  to   space 52736K, 0% used [0x00000000f9480000,0x00000000f9480000,0x00000000fc800000)
 ParOldGen       total 202752K, used 77973K [0x00000000a0000000, 0x00000000ac600000, 0x00000000e0000000)
  object space 202752K, 38% used [0x00000000a0000000,0x00000000a4c25700,0x00000000ac600000)
 Metaspace       used 99634K, capacity 104245K, committed 104600K, reserved 1140736K
  class space    used 12679K, capacity 13612K, committed 13744K, reserved 1048576K
GC Heap History (10 events):
Event: 2568.286 GC heap before
{Heap before GC invocations=26 (full 4):
 PSYoungGen      total 398848K, used 32085K [0x00000000e0000000, 0x00000000fdd80000, 0x0000000100000000)
  eden space 341504K, 0% used [0x00000000e0000000,0x00000000e0000000,0x00000000f4d80000)
  from space 57344K, 55% used [0x00000000f8580000,0x00000000fa4d5668,0x00000000fbd80000)
  to   space 57344K, 0% used [0x00000000f4d80000,0x00000000f4d80000,0x00000000f8580000)
 ParOldGen       total 140288K, used 85648K [0x00000000a0000000, 0x00000000a8900000, 0x00000000e0000000)
  object space 140288K, 61% used [0x00000000a0000000,0x00000000a53a4268,0x00000000a8900000)
 Metaspace       used 93652K, capacity 98515K, committed 98600K, reserved 1134592K
  class space    used 12043K, capacity 12976K, committed 12976K, reserved 1048576K
Event: 2569.825 GC heap after
Heap after GC invocations=26 (full 4):
 PSYoungGen      total 398848K, used 0K [0x00000000e0000000, 0x00000000fdd80000, 0x0000000100000000)
  eden space 341504K, 0% used [0x00000000e0000000,0x00000000e0000000,0x00000000f4d80000)
  from space 57344K, 0% used [0x00000000f8580000,0x00000000f8580000,0x00000000fbd80000)
  to   space 57344K, 0% used [0x00000000f4d80000,0x00000000f4d80000,0x00000000f8580000)
 ParOldGen       total 202752K, used 62466K [0x00000000a0000000, 0x00000000ac600000, 0x00000000e0000000)
  object space 202752K, 30% used [0x00000000a0000000,0x00000000a3d00b88,0x00000000ac600000)
 Metaspace       used 92908K, capacity 96695K, committed 98600K, reserved 1134592K
  class space    used 11835K, capacity 12610K, committed 12976K, reserved 1048576K
}
Event: 3316.217 GC heap before
{Heap before GC invocations=27 (full 4):
 PSYoungGen      total 398848K, used 341504K [0x00000000e0000000, 0x00000000fdd80000, 0x0000000100000000)
  eden space 341504K, 100% used [0x00000000e0000000,0x00000000f4d80000,0x00000000f4d80000)
  from space 57344K, 0% used [0x00000000f8580000,0x00000000f8580000,0x00000000fbd80000)
  to   space 57344K, 0% used [0x00000000f4d80000,0x00000000f4d80000,0x00000000f8580000)
 ParOldGen       total 202752K, used 62466K [0x00000000a0000000, 0x00000000ac600000, 0x00000000e0000000)
  object space 202752K, 30% used [0x00000000a0000000,0x00000000a3d00b88,0x00000000ac600000)
 Metaspace       used 94815K, capacity 99075K, committed 99864K, reserved 1136640K
  class space    used 12074K, capacity 12941K, committed 13104K, reserved 1048576K
Event: 3316.672 GC heap after
Heap after GC invocations=27 (full 4):
 PSYoungGen      total 398848K, used 27177K [0x00000000e0000000, 0x00000000ffb00000, 0x0000000100000000)
  eden space 341504K, 0% used [0x00000000e0000000,0x00000000e0000000,0x00000000f4d80000)
  from space 57344K, 47% used [0x00000000f4d80000,0x00000000f680a7e0,0x00000000f8580000)
  to   space 55296K, 0% used [0x00000000fc500000,0x00000000fc500000,0x00000000ffb00000)
 ParOldGen       total 202752K, used 62474K [0x00000000a0000000, 0x00000000ac600000, 0x00000000e0000000)
  object space 202752K, 30% used [0x00000000a0000000,0x00000000a3d02b88,0x00000000ac600000)
 Metaspace       used 94815K, capacity 99075K, committed 99864K, reserved 1136640K
  class space    used 12074K, capacity 12941K, committed 13104K, reserved 1048576K
}
Event: 3318.296 GC heap before
{Heap before GC invocations=28 (full 4):
 PSYoungGen      total 398848K, used 368681K [0x00000000e0000000, 0x00000000ffb00000, 0x0000000100000000)
  eden space 341504K, 100% used [0x00000000e0000000,0x00000000f4d80000,0x00000000f4d80000)
  from space 57344K, 47% used [0x00000000f4d80000,0x00000000f680a7e0,0x00000000f8580000)
  to   space 55296K, 0% used [0x00000000fc500000,0x00000000fc500000,0x00000000ffb00000)
 ParOldGen       total 202752K, used 62474K [0x00000000a0000000, 0x00000000ac600000, 0x00000000e0000000)
  object space 202752K, 30% used [0x00000000a0000000,0x00000000a3d02b88,0x00000000ac600000)
 Metaspace       used 94869K, capacity 99203K, committed 99864K, reserved 1136640K
  class space    used 12076K, capacity 12941K, committed 13104K, reserved 1048576K
Event: 3318.541 GC heap after
Heap after GC invocations=28 (full 4):
 PSYoungGen      total 464896K, used 30813K [0x00000000e0000000, 0x00000000ffc00000, 0x0000000100000000)
  eden space 409600K, 0% used [0x00000000e0000000,0x00000000e0000000,0x00000000f9000000)
  from space 55296K, 55% used [0x00000000fc500000,0x00000000fe3177b8,0x00000000ffb00000)
  to   space 54272K, 0% used [0x00000000f9000000,0x00000000f9000000,0x00000000fc500000)
 ParOldGen       total 202752K, used 62482K [0x00000000a0000000, 0x00000000ac600000, 0x00000000e0000000)
  object space 202752K, 30% used [0x00000000a0000000,0x00000000a3d04b88,0x00000000ac600000)
 Metaspace       used 94869K, capacity 99203K, committed 99864K, reserved 1136640K
  class space    used 12076K, capacity 12941K, committed 13104K, reserved 1048576K
}
Event: 3319.779 GC heap before
{Heap before GC invocations=29 (full 4):
 PSYoungGen      total 464896K, used 440413K [0x00000000e0000000, 0x00000000ffc00000, 0x0000000100000000)
  eden space 409600K, 100% used [0x00000000e0000000,0x00000000f9000000,0x00000000f9000000)
  from space 55296K, 55% used [0x00000000fc500000,0x00000000fe3177b8,0x00000000ffb00000)
  to   space 54272K, 0% used [0x00000000f9000000,0x00000000f9000000,0x00000000fc500000)
 ParOldGen       total 202752K, used 62482K [0x00000000a0000000, 0x00000000ac600000, 0x00000000e0000000)
  object space 202752K, 30% used [0x00000000a0000000,0x00000000a3d04b88,0x00000000ac600000)
 Metaspace       used 94998K, capacity 99289K, committed 100120K, reserved 1136640K
  class space    used 12097K, capacity 12946K, committed 13104K, reserved 1048576K
Event: 3319.988 GC heap after
Heap after GC invocations=29 (full 4):
 PSYoungGen      total 463872K, used 27710K [0x00000000e0000000, 0x00000000ffb00000, 0x0000000100000000)
  eden space 409600K, 0% used [0x00000000e0000000,0x00000000e0000000,0x00000000f9000000)
  from space 54272K, 51% used [0x00000000f9000000,0x00000000fab0fb48,0x00000000fc500000)
  to   space 52224K, 0% used [0x00000000fc800000,0x00000000fc800000,0x00000000ffb00000)
 ParOldGen       total 202752K, used 62490K [0x00000000a0000000, 0x00000000ac600000, 0x00000000e0000000)
  object space 202752K, 30% used [0x00000000a0000000,0x00000000a3d06b88,0x00000000ac600000)
 Metaspace       used 94998K, capacity 99289K, committed 100120K, reserved 1136640K
  class space    used 12097K, capacity 12946K, committed 13104K, reserved 1048576K
}
Event: 3324.113 GC heap before
{Heap before GC invocations=30 (full 4):
 PSYoungGen      total 463872K, used 437310K [0x00000000e0000000, 0x00000000ffb00000, 0x0000000100000000)
  eden space 409600K, 100% used [0x00000000e0000000,0x00000000f9000000,0x00000000f9000000)
  from space 54272K, 51% used [0x00000000f9000000,0x00000000fab0fb48,0x00000000fc500000)
  to   space 52224K, 0% used [0x00000000fc800000,0x00000000fc800000,0x00000000ffb00000)
 ParOldGen       total 202752K, used 62490K [0x00000000a0000000, 0x00000000ac600000, 0x00000000e0000000)
  object space 202752K, 30% used [0x00000000a0000000,0x00000000a3d06b88,0x00000000ac600000)
 Metaspace       used 96804K, capacity 101353K, committed 101656K, reserved 1138688K
  class space    used 12327K, capacity 13268K, committed 13360K, reserved 1048576K
Event: 3324.282 GC heap after
Heap after GC invocations=30 (full 4):
 PSYoungGen      total 466432K, used 8544K [0x00000000e0000000, 0x00000000fff00000, 0x0000000100000000)
  eden space 414208K, 0% used [0x00000000e0000000,0x00000000e0000000,0x00000000f9480000)
  from space 52224K, 16% used [0x00000000fc800000,0x00000000fd0582c0,0x00000000ffb00000)
  to   space 52736K, 0% used [0x00000000f9480000,0x00000000f9480000,0x00000000fc800000)
 ParOldGen       total 202752K, used 77973K [0x00000000a0000000, 0x00000000ac600000, 0x00000000e0000000)
  object space 202752K, 38% used [0x00000000a0000000,0x00000000a4c25700,0x00000000ac600000)
 Metaspace       used 96804K, capacity 101353K, committed 101656K, reserved 1138688K
  class space    used 12327K, capacity 13268K, committed 13360K, reserved 1048576K
}

